[2023-04-27T21:11:45.878] [INFO] server.js - Web server running at port:3000/
[2023-04-27T21:13:12.662] [INFO] server.js - Web server running at port:3000/
[2023-04-27T21:15:49.439] [INFO] server.js - Web server running at port:3000/
[2023-04-27T21:19:12.327] [INFO] server.js - Web server running at port:3000/
[2023-04-28T11:27:48.109] [INFO] server.js - Web server running at port:3000/
[2023-04-28T11:28:14.742] [ERROR] OrderController.js - RpcError: transaction declares authority '{"actor":"qazwsx111111","permission":"active"}', but does not have signatures for it.
    at new RpcError (D:\YQ_project\foggie-portal\node_modules\eosjs\dist\eosjs-rpcerror.js:29:28)
    at JsonRpc.<anonymous> (D:\YQ_project\foggie-portal\node_modules\eosjs\dist\eosjs-jsonrpc.js:124:35)
    at step (D:\YQ_project\foggie-portal\node_modules\eosjs\dist\eosjs-jsonrpc.js:37:23)
    at Object.next (D:\YQ_project\foggie-portal\node_modules\eosjs\dist\eosjs-jsonrpc.js:18:53)
    at fulfilled (D:\YQ_project\foggie-portal\node_modules\eosjs\dist\eosjs-jsonrpc.js:9:58)
    at processTicksAndRejections (node:internal/process/task_queues:96:5) {
  details: [
    {
      message: `transaction declares authority '{"actor":"qazwsx111111","permission":"active"}', but does not have signatures for it.`,
      file: 'authorization_manager.cpp',
      line_number: 622,
      method: 'get_required_keys'
    }
  ],
  json: {
    code: 401,
    message: 'UnAuthorized',
    error: {
      code: 3090003,
      name: 'unsatisfied_authorization',
      what: 'Provided keys, permissions, and delays do not satisfy declared authorizations',
      details: [Array]
    }
  }
}
